mode: set
jwks-server/main.go:41.55,43.2 1 0
jwks-server/main.go:46.32,48.19 2 1
jwks-server/main.go:52.5,58.19 3 1
jwks-server/main.go:61.5,61.19 1 1
jwks-server/main.go:48.19,50.6 1 0
jwks-server/main.go:58.19,60.6 1 1
jwks-server/main.go:65.82,71.2 4 1
jwks-server/main.go:74.54,76.19 2 1
jwks-server/main.go:79.5,79.47 1 1
jwks-server/main.go:76.19,78.6 1 0
jwks-server/main.go:83.70,85.16 2 1
jwks-server/main.go:91.5,93.29 3 1
jwks-server/main.go:100.5,101.56 2 1
jwks-server/main.go:105.5,106.19 2 1
jwks-server/main.go:110.5,110.27 1 1
jwks-server/main.go:85.16,87.6 1 1
jwks-server/main.go:87.11,89.6 1 1
jwks-server/main.go:93.29,96.6 2 1
jwks-server/main.go:96.11,96.26 1 1
jwks-server/main.go:96.26,98.6 1 1
jwks-server/main.go:101.56,103.6 1 0
jwks-server/main.go:106.19,108.6 1 0
jwks-server/main.go:116.47,117.57 1 1
jwks-server/main.go:117.57,120.44 3 1
jwks-server/main.go:126.9,131.69 4 1
jwks-server/main.go:120.44,124.10 3 1
jwks-server/main.go:136.47,137.57 1 1
jwks-server/main.go:137.57,139.23 2 1
jwks-server/main.go:144.9,147.25 3 1
jwks-server/main.go:164.9,164.27 1 1
jwks-server/main.go:170.9,172.26 3 1
jwks-server/main.go:139.23,143.10 3 0
jwks-server/main.go:147.25,162.10 7 1
jwks-server/main.go:164.27,168.10 3 1
jwks-server/main.go:179.42,181.2 1 1
jwks-server/main.go:184.68,186.19 2 1
jwks-server/main.go:190.5,192.19 3 1
jwks-server/main.go:186.19,188.6 1 1
jwks-server/main.go:196.13,199.19 3 0
jwks-server/main.go:202.5,209.49 5 0
jwks-server/main.go:199.19,201.6 1 0
